[12-30 22:47:24]: [INFO] Created column 'regdate' and set the current timestamp, 1735598844394, to all 0 rows
[12-30 22:47:24]: [INFO] SQLite Setup finished
[12-30 22:47:24]: [INFO] No supported permissions system found! Permissions are disabled!
[12-30 22:47:25]: [INFO] 
    ___         __  __    __  ___   
   /   | __  __/ /_/ /_  /  |/  /__ 
  / /| |/ / / / __/ __ \/ /|_/ / _ \
 / ___ / /_/ / /_/ / / / /  / /  __/
/_/  |_\__,_/\__/_/ /_/_/  /_/\___/ 
                                    
[12-30 22:47:25]: [INFO] AuthMeReReloaded is running on Spigot
[12-30 22:47:25]: [INFO] AuthMeReReloaded is enabled successfully!
[12-30 22:47:25]: [INFO] GitHub: https://github.com/HaHaWTH/AuthMeReReloaded/
[12-30 22:47:25]: [INFO] Checking for updates...
[12-30 22:47:25]: [INFO] You are running the latest version.
[12-30 22:49:26]: [INFO:FINE] itMOOK registered 2.59.157.118
[12-30 22:49:26]: [INFO:FINE] itMOOK logged in 2.59.157.118
[12-30 23:09:12]: [INFO] AuthMe 5.7.0-FORK-b53 is unloaded successfully!
[12-30 23:09:33]: [INFO] SQLite Setup finished
[12-30 23:09:33]: [INFO] No supported permissions system found! Permissions are disabled!
[12-30 23:09:33]: [INFO] 
    ___         __  __    __  ___   
   /   | __  __/ /_/ /_  /  |/  /__ 
  / /| |/ / / / __/ __ \/ /|_/ / _ \
 / ___ / /_/ / /_/ / / / /  / /  __/
/_/  |_\__,_/\__/_/ /_/_/  /_/\___/ 
                                    
[12-30 23:09:33]: [INFO] AuthMeReReloaded is running on Spigot
[12-30 23:09:33]: [INFO] AuthMeReReloaded is enabled successfully!
[12-30 23:09:33]: [INFO] GitHub: https://github.com/HaHaWTH/AuthMeReReloaded/
[12-30 23:09:33]: [INFO] Checking for updates...
[12-30 23:09:34]: [INFO] You are running the latest version.
[12-30 23:20:21]: [INFO] AuthMe 5.7.0-FORK-b53 is unloaded successfully!
