[21:29:21] [ServerMain/INFO]: Environment: Environment[sessionHost=https://sessionserver.mojang.com, servicesHost=https://api.minecraftservices.com, name=PROD]
[21:29:23] [Worker-Main-2/WARN]: Found loot table element validation problem in {minecraft:loot_table/minecraft:entities/husk}.pools[2].entries[0]: Unknown loot table called husks_drop_sand:entities/husk
[21:29:23] [Worker-Main-2/WARN]: Found loot table element validation problem in {minecraft:loot_table/minecraft:entities/villager}.pools[2].entries[0]: Unknown loot table called villager_death:entities/villager
[21:29:23] [Worker-Main-2/WARN]: Found loot table element validation problem in {minecraft:loot_table/minecraft:entities/bat}.pools[2].entries[0]: Unknown loot table called bat_membranes:entities/bat
[21:29:23] [ServerMain/INFO]: Loaded 1290 recipes
[21:29:24] [ServerMain/INFO]: Loaded 1410 advancements
[21:29:24] [Server thread/INFO]: Starting minecraft server version 1.21.1
[21:29:24] [Server thread/INFO]: Loading properties
[21:29:24] [Server thread/INFO]: Default game type: SURVIVAL
[21:29:24] [Server thread/INFO]: Generating keypair
[21:29:24] [Server thread/INFO]: Starting Minecraft server on *:25565
[21:29:24] [Server thread/INFO]: Using epoll channel type
[21:29:24] [Server thread/INFO]: Preparing level "mookmc2024"
[21:29:28] [Server thread/INFO]: Preparing start region for dimension minecraft:overworld
[21:29:28] [Worker-Main-1/INFO]: Preparing spawn area: 0%
[21:29:28] [Worker-Main-2/INFO]: Preparing spawn area: 6%
[21:29:28] [Server thread/INFO]: Time elapsed: 578 ms
[21:29:28] [Server thread/INFO]: Done (3.847s)! For help, type "help"
[21:30:49] [User Authenticator #1/INFO]: UUID of player itMOOK is 924ae26b-345d-4a06-b6ad-a2d5edc41970
[21:30:50] [Server thread/INFO]: itMOOK[/185.197.192.163:50429] logged in with entity id 15 at (-482.9905397241143, 63.0, 892.7528807374088)
[21:30:50] [Server thread/INFO]: itMOOK joined the game
[21:31:00] [Server thread/INFO]: itMOOK lost connection: Disconnected
[21:31:00] [Server thread/INFO]: itMOOK left the game
